2021-08-03 18:20:01,588 __main__         main         sendcoins_1.py 746 аккаунтов загружено.
2021-08-03 18:22:10,512 __main__         main         sendcoins_1.py Всього монеток 0 в безодню дупу цього чоловіка http://aminoapps.com/p/4va49k
2021-08-03 19:20:01,694 __main__         main         sendcoins_1.py 746 аккаунтов загружено.
2021-08-03 19:22:29,481 __main__         main         sendcoins_1.py Всього монеток 72926 в безодню дупу цього чоловіка http://aminoapps.com/p/1jein2
2021-08-03 20:20:01,720 __main__         main         sendcoins_1.py 746 аккаунтов загружено.
2021-08-03 20:22:21,126 __main__         main         sendcoins_1.py Всього монеток 72951 в безодню дупу цього чоловіка http://aminoapps.com/p/mu5j4p
2021-08-03 21:20:01,598 __main__         main         sendcoins_1.py 746 аккаунтов загружено.
2021-08-03 21:22:14,890 __main__         main         sendcoins_1.py Всього монеток 34177 в безодню дупу цього чоловіка http://aminoapps.com/p/1jein2
2021-08-03 22:20:01,839 __main__         main         sendcoins_1.py 746 аккаунтов загружено.
2021-08-03 22:22:18,966 __main__         main         sendcoins_1.py Всього монеток 66947 в безодню дупу цього чоловіка http://aminoapps.com/p/4va49k
2021-08-04 00:20:01,836 __main__         main         sendcoins_1.py 746 аккаунтов загружено.
2021-08-04 00:22:23,148 __main__         main         sendcoins_1.py Всього монеток 85823 в безодню дупу цього чоловіка http://aminoapps.com/p/mu5j4p
2021-08-04 01:20:01,676 __main__         main         sendcoins_1.py 746 аккаунтов загружено.
2021-08-04 01:22:26,532 __main__         main         sendcoins_1.py Всього монеток 73036 в безодню дупу цього чоловіка http://aminoapps.com/p/mu5j4p
2021-08-04 02:20:01,816 __main__         main         sendcoins_1.py 746 аккаунтов загружено.
2021-08-04 02:22:25,162 __main__         main         sendcoins_1.py Всього монеток 73047 в безодню дупу цього чоловіка http://aminoapps.com/p/4va49k
2021-08-04 03:20:01,588 __main__         main         sendcoins_1.py 746 аккаунтов загружено.
2021-08-04 03:22:20,629 __main__         main         sendcoins_1.py Всього монеток 30433 в безодню дупу цього чоловіка http://aminoapps.com/p/4va49k
2021-08-04 04:20:01,602 __main__         main         sendcoins_1.py 746 аккаунтов загружено.
2021-08-04 04:22:20,506 __main__         main         sendcoins_1.py Всього монеток 61297 в безодню дупу цього чоловіка http://aminoapps.com/p/mu5j4p
2021-08-04 05:20:01,540 __main__         main         sendcoins_1.py 746 аккаунтов загружено.
2021-08-04 05:22:26,524 __main__         main         sendcoins_1.py Всього монеток 44160 в безодню дупу цього чоловіка http://aminoapps.com/p/4va49k
2021-08-04 06:20:01,593 __main__         main         sendcoins_1.py 746 аккаунтов загружено.
2021-08-04 06:22:31,545 __main__         main         sendcoins_1.py Всього монеток 83231 в безодню дупу цього чоловіка http://aminoapps.com/p/4va49k
2021-08-04 07:20:01,680 __main__         main         sendcoins_1.py 746 аккаунтов загружено.
2021-08-04 07:22:24,022 __main__         main         sendcoins_1.py Всього монеток 73019 в безодню дупу цього чоловіка http://aminoapps.com/p/mu5j4p
2021-08-04 08:20:01,752 __main__         main         sendcoins_1.py 746 аккаунтов загружено.
2021-08-04 08:22:36,461 __main__         main         sendcoins_1.py Всього монеток 73064 в безодню дупу цього чоловіка http://aminoapps.com/p/4va49k
2021-08-04 09:20:01,652 __main__         main         sendcoins_1.py 746 аккаунтов загружено.
2021-08-04 09:20:03,363 __main__         log          sendcoins_1.py zws6ol@1secmail.org: {'api:statuscode': 218, 'api:duration': '0.000s', 'api:message': 'Error! Your device is currently not supported, or the app is out of date. Please update to the latest version.', 'api:timestamp': '2021-08-04T09:20:03Z'}
2021-08-04 09:20:03,483 __main__         log          sendcoins_1.py 2839x2@1secmail.org: {'api:message': 'Error! Your device is currently not supported, or the app is out of date. Please update to the latest version.', 'api:timestamp': '2021-08-04T09:20:03Z', 'api:statuscode': 218, 'api:duration': '0.000s'}
2021-08-04 09:20:03,735 __main__         log          sendcoins_1.py 7mqv46i@1secmail.com: {'api:duration': '0.000s', 'api:message': 'Error! Your device is currently not supported, or the app is out of date. Please update to the latest version.', 'api:timestamp': '2021-08-04T09:20:03Z', 'api:statuscode': 218}
2021-08-04 09:20:03,829 __main__         log          sendcoins_1.py gq8weg70po@1secmail.com: {'api:statuscode': 218, 'api:duration': '0.000s', 'api:message': 'Error! Your device is currently not supported, or the app is out of date. Please update to the latest version.', 'api:timestamp': '2021-08-04T09:20:03Z'}
2021-08-04 09:20:03,843 __main__         log          sendcoins_1.py o835aad22q@1secmail.com: {'api:duration': '0.000s', 'api:message': 'Error! Your device is currently not supported, or the app is out of date. Please update to the latest version.', 'api:timestamp': '2021-08-04T09:20:03Z', 'api:statuscode': 218}
2021-08-04 09:20:03,849 __main__         log          sendcoins_1.py y7x9ie9e@yoggm.com: {'api:statuscode': 218, 'api:duration': '0.000s', 'api:message': 'Error! Your device is currently not supported, or the app is out of date. Please update to the latest version.', 'api:timestamp': '2021-08-04T09:20:03Z'}
2021-08-04 09:20:03,857 __main__         log          sendcoins_1.py hu0qju@1secmail.com: {'api:message': 'Error! Your device is currently not supported, or the app is out of date. Please update to the latest version.', 'api:timestamp': '2021-08-04T09:20:03Z', 'api:statuscode': 218, 'api:duration': '0.000s'}
2021-08-04 09:20:03,863 __main__         log          sendcoins_1.py lexj8g2bam@xojxe.com: {'api:timestamp': '2021-08-04T09:20:03Z', 'api:statuscode': 218, 'api:duration': '0.000s', 'api:message': 'Error! Your device is currently not supported, or the app is out of date. Please update to the latest version.'}
2021-08-04 09:20:03,866 __main__         log          sendcoins_1.py qnhdrgee3ixz@esiix.com: {'api:timestamp': '2021-08-04T09:20:03Z', 'api:statuscode': 218, 'api:duration': '0.000s', 'api:message': 'Error! Your device is currently not supported, or the app is out of date. Please update to the latest version.'}
2021-08-04 09:20:03,869 __main__         log          sendcoins_1.py 3mygbwljie@wwjmp.com: {'api:statuscode': 218, 'api:duration': '0.000s', 'api:message': 'Error! Your device is currently not supported, or the app is out of date. Please update to the latest version.', 'api:timestamp': '2021-08-04T09:20:03Z'}
2021-08-04 09:20:03,873 __main__         log          sendcoins_1.py aomgtmxmu3@1secmail.net: {'api:duration': '0.000s', 'api:message': 'Error! Your device is currently not supported, or the app is out of date. Please update to the latest version.', 'api:timestamp': '2021-08-04T09:20:03Z', 'api:statuscode': 218}
2021-08-04 09:20:04,198 __main__         log          sendcoins_1.py g281luuex@wwjmp.com: {'api:statuscode': 218, 'api:duration': '0.000s', 'api:message': 'Error! Your device is currently not supported, or the app is out of date. Please update to the latest version.', 'api:timestamp': '2021-08-04T09:20:04Z'}
2021-08-04 09:20:04,511 __main__         log          sendcoins_1.py 3pox81fm@xojxe.com: {'api:message': 'Error! Your device is currently not supported, or the app is out of date. Please update to the latest version.', 'api:timestamp': '2021-08-04T09:20:04Z', 'api:statuscode': 218, 'api:duration': '0.000s'}
2021-08-04 09:20:04,755 __main__         log          sendcoins_1.py qzpp0a@wwjmp.com: {'api:duration': '0.000s', 'api:message': 'Error! Your device is currently not supported, or the app is out of date. Please update to the latest version.', 'api:timestamp': '2021-08-04T09:20:04Z', 'api:statuscode': 218}
2021-08-04 09:20:05,907 __main__         log          sendcoins_1.py v23nge09i@yoggm.com: {'api:message': 'Error! Your device is currently not supported, or the app is out of date. Please update to the latest version.', 'api:timestamp': '2021-08-04T09:20:05Z', 'api:statuscode': 218, 'api:duration': '0.000s'}
2021-08-04 09:20:06,749 __main__         log          sendcoins_1.py k4pt29@1secmail.net: {'api:message': 'Error! Your device is currently not supported, or the app is out of date. Please update to the latest version.', 'api:timestamp': '2021-08-04T09:20:06Z', 'api:statuscode': 218, 'api:duration': '0.000s'}
2021-08-04 09:20:06,968 __main__         log          sendcoins_1.py w7h4tw3n7f@1secmail.com: {'api:statuscode': 218, 'api:duration': '0.000s', 'api:message': 'Error! Your device is currently not supported, or the app is out of date. Please update to the latest version.', 'api:timestamp': '2021-08-04T09:20:06Z'}
2021-08-04 09:20:06,970 __main__         log          sendcoins_1.py gdffjsqlzjnw@1secmail.com: {'api:statuscode': 218, 'api:duration': '0.000s', 'api:message': 'Error! Your device is currently not supported, or the app is out of date. Please update to the latest version.', 'api:timestamp': '2021-08-04T09:20:06Z'}
2021-08-04 09:20:07,358 __main__         log          sendcoins_1.py otp6lmxd@1secmail.org: {'api:duration': '0.000s', 'api:message': 'Error! Your device is currently not supported, or the app is out of date. Please update to the latest version.', 'api:timestamp': '2021-08-04T09:20:07Z', 'api:statuscode': 218}
2021-08-04 09:20:08,229 __main__         log          sendcoins_1.py k395gav437e@esiix.com: {'api:statuscode': 218, 'api:duration': '0.000s', 'api:message': 'Error! Your device is currently not supported, or the app is out of date. Please update to the latest version.', 'api:timestamp': '2021-08-04T09:20:08Z'}
2021-08-04 09:20:08,647 __main__         log          sendcoins_1.py 4910v7@esiix.com: {'api:statuscode': 218, 'api:duration': '0.000s', 'api:message': 'Error! Your device is currently not supported, or the app is out of date. Please update to the latest version.', 'api:timestamp': '2021-08-04T09:20:08Z'}
2021-08-04 09:20:08,675 __main__         log          sendcoins_1.py r3l8pvat8i@wwjmp.com: {'api:duration': '0.000s', 'api:message': 'Error! Your device is currently not supported, or the app is out of date. Please update to the latest version.', 'api:timestamp': '2021-08-04T09:20:08Z', 'api:statuscode': 218}
2021-08-04 09:20:09,139 __main__         log          sendcoins_1.py 71h49n18tqr1@yoggm.com: {'api:message': 'Error! Your device is currently not supported, or the app is out of date. Please update to the latest version.', 'api:timestamp': '2021-08-04T09:20:09Z', 'api:statuscode': 218, 'api:duration': '0.000s'}
2021-08-04 09:20:09,298 __main__         log          sendcoins_1.py i8s141j6rgl@1secmail.com: {'api:message': 'Error! Your device is currently not supported, or the app is out of date. Please update to the latest version.', 'api:timestamp': '2021-08-04T09:20:09Z', 'api:statuscode': 218, 'api:duration': '0.001s'}
2021-08-04 09:20:10,014 __main__         log          sendcoins_1.py b6s4trz@1secmail.org: {'api:statuscode': 218, 'api:duration': '0.000s', 'api:message': 'Error! Your device is currently not supported, or the app is out of date. Please update to the latest version.', 'api:timestamp': '2021-08-04T09:20:09Z'}
2021-08-04 09:20:10,027 __main__         log          sendcoins_1.py 7pz1nr6cty@esiix.com: {'api:message': 'Error! Your device is currently not supported, or the app is out of date. Please update to the latest version.', 'api:timestamp': '2021-08-04T09:20:09Z', 'api:statuscode': 218, 'api:duration': '0.000s'}
2021-08-04 09:20:10,439 __main__         log          sendcoins_1.py pxh2l4kf@xojxe.com: {'api:duration': '0.000s', 'api:message': 'Error! Your device is currently not supported, or the app is out of date. Please update to the latest version.', 'api:timestamp': '2021-08-04T09:20:10Z', 'api:statuscode': 218}
2021-08-04 09:20:10,751 __main__         log          sendcoins_1.py vf9qj9u5bopr@yoggm.com: {'api:message': 'Error! Your device is currently not supported, or the app is out of date. Please update to the latest version.', 'api:timestamp': '2021-08-04T09:20:10Z', 'api:statuscode': 218, 'api:duration': '0.000s'}
2021-08-04 09:20:11,155 __main__         log          sendcoins_1.py pv1lwdc@esiix.com: {'api:timestamp': '2021-08-04T09:20:11Z', 'api:statuscode': 218, 'api:duration': '0.000s', 'api:message': 'Error! Your device is currently not supported, or the app is out of date. Please update to the latest version.'}
2021-08-04 09:20:11,583 __main__         log          sendcoins_1.py n8xxbdh7w@xojxe.com: {'api:duration': '0.000s', 'api:message': 'Error! Your device is currently not supported, or the app is out of date. Please update to the latest version.', 'api:timestamp': '2021-08-04T09:20:11Z', 'api:statuscode': 218}
2021-08-04 09:20:11,871 __main__         log          sendcoins_1.py qy6llpk68vl@1secmail.net: {'api:statuscode': 218, 'api:duration': '0.000s', 'api:message': 'Error! Your device is currently not supported, or the app is out of date. Please update to the latest version.', 'api:timestamp': '2021-08-04T09:20:11Z'}
2021-08-04 09:20:11,895 __main__         log          sendcoins_1.py mhb2lk8scjj@wwjmp.com: {'api:statuscode': 218, 'api:duration': '0.000s', 'api:message': 'Error! Your device is currently not supported, or the app is out of date. Please update to the latest version.', 'api:timestamp': '2021-08-04T09:20:11Z'}
2021-08-04 09:20:11,898 __main__         log          sendcoins_1.py yrp4eojcm@yoggm.com: {'api:message': 'Error! Your device is currently not supported, or the app is out of date. Please update to the latest version.', 'api:timestamp': '2021-08-04T09:20:11Z', 'api:statuscode': 218, 'api:duration': '0.000s'}
2021-08-04 09:20:11,979 __main__         log          sendcoins_1.py 5fivgvteihr1@1secmail.com: {'api:statuscode': 218, 'api:duration': '0.000s', 'api:message': 'Error! Your device is currently not supported, or the app is out of date. Please update to the latest version.', 'api:timestamp': '2021-08-04T09:20:11Z'}
2021-08-04 09:20:12,242 __main__         log          sendcoins_1.py yw0m01i@1secmail.org: {'api:duration': '0.000s', 'api:message': 'Error! Your device is currently not supported, or the app is out of date. Please update to the latest version.', 'api:timestamp': '2021-08-04T09:20:12Z', 'api:statuscode': 218}
2021-08-04 09:20:12,299 __main__         log          sendcoins_1.py yu3x5s4w94@yoggm.com: {'api:message': 'Error! Your device is currently not supported, or the app is out of date. Please update to the latest version.', 'api:timestamp': '2021-08-04T09:20:12Z', 'api:statuscode': 218, 'api:duration': '0.000s'}
2021-08-04 09:20:12,427 __main__         log          sendcoins_1.py 78fs3h4@1secmail.net: {'api:duration': '0.000s', 'api:message': 'Error! Your device is currently not supported, or the app is out of date. Please update to the latest version.', 'api:timestamp': '2021-08-04T09:20:12Z', 'api:statuscode': 218}
2021-08-04 09:20:12,969 __main__         log          sendcoins_1.py ho68prvqg@yoggm.com: {'api:statuscode': 218, 'api:duration': '0.000s', 'api:message': 'Error! Your device is currently not supported, or the app is out of date. Please update to the latest version.', 'api:timestamp': '2021-08-04T09:20:12Z'}
2021-08-04 09:20:13,539 __main__         log          sendcoins_1.py hr6t83lh1hp@1secmail.org: {'api:message': 'Error! Your device is currently not supported, or the app is out of date. Please update to the latest version.', 'api:timestamp': '2021-08-04T09:20:13Z', 'api:statuscode': 218, 'api:duration': '0.000s'}
2021-08-04 09:20:13,942 __main__         log          sendcoins_1.py qxgl0rhgk@1secmail.net: {'api:statuscode': 218, 'api:duration': '0.000s', 'api:message': 'Error! Your device is currently not supported, or the app is out of date. Please update to the latest version.', 'api:timestamp': '2021-08-04T09:20:13Z'}
2021-08-04 09:20:14,746 __main__         log          sendcoins_1.py 9itgont@1secmail.net: {'api:timestamp': '2021-08-04T09:20:14Z', 'api:statuscode': 218, 'api:duration': '0.000s', 'api:message': 'Error! Your device is currently not supported, or the app is out of date. Please update to the latest version.'}
2021-08-04 09:20:14,963 __main__         log          sendcoins_1.py ylcn62sm48x@esiix.com: {'api:message': 'Error! Your device is currently not supported, or the app is out of date. Please update to the latest version.', 'api:timestamp': '2021-08-04T09:20:14Z', 'api:statuscode': 218, 'api:duration': '0.000s'}
2021-08-04 09:20:15,528 __main__         log          sendcoins_1.py zgpyth@xojxe.com: {'api:message': 'Error! Your device is currently not supported, or the app is out of date. Please update to the latest version.', 'api:timestamp': '2021-08-04T09:20:15Z', 'api:statuscode': 218, 'api:duration': '0.000s'}
2021-08-04 09:20:15,534 __main__         log          sendcoins_1.py 0cvg6rpb@wwjmp.com: {'api:duration': '0.000s', 'api:message': 'Error! Your device is currently not supported, or the app is out of date. Please update to the latest version.', 'api:timestamp': '2021-08-04T09:20:15Z', 'api:statuscode': 218}
2021-08-04 09:20:15,918 __main__         log          sendcoins_1.py s7sfiq2@1secmail.org: {'api:message': 'Error! Your device is currently not supported, or the app is out of date. Please update to the latest version.', 'api:timestamp': '2021-08-04T09:20:15Z', 'api:statuscode': 218, 'api:duration': '0.000s'}
2021-08-04 09:20:16,342 __main__         log          sendcoins_1.py vas1bfa6r61@1secmail.net: {'api:timestamp': '2021-08-04T09:20:16Z', 'api:statuscode': 218, 'api:duration': '0.000s', 'api:message': 'Error! Your device is currently not supported, or the app is out of date. Please update to the latest version.'}
2021-08-04 09:20:16,345 __main__         log          sendcoins_1.py 7it4fhz70b@1secmail.com: {'api:timestamp': '2021-08-04T09:20:16Z', 'api:statuscode': 218, 'api:duration': '0.000s', 'api:message': 'Error! Your device is currently not supported, or the app is out of date. Please update to the latest version.'}
2021-08-04 09:20:16,425 __main__         log          sendcoins_1.py a6ecaa@1secmail.net: {'api:timestamp': '2021-08-04T09:20:16Z', 'api:statuscode': 218, 'api:duration': '0.001s', 'api:message': 'Error! Your device is currently not supported, or the app is out of date. Please update to the latest version.'}
2021-08-04 09:20:16,699 __main__         log          sendcoins_1.py c6iwp4j3j2@1secmail.net: {'api:timestamp': '2021-08-04T09:20:16Z', 'api:statuscode': 218, 'api:duration': '0.000s', 'api:message': 'Error! Your device is currently not supported, or the app is out of date. Please update to the latest version.'}
2021-08-04 09:20:16,701 __main__         log          sendcoins_1.py xyklsdaw@wwjmp.com: {'api:timestamp': '2021-08-04T09:20:16Z', 'api:statuscode': 218, 'api:duration': '0.000s', 'api:message': 'Error! Your device is currently not supported, or the app is out of date. Please update to the latest version.'}
2021-08-04 09:20:17,281 __main__         log          sendcoins_1.py 5855b5@1secmail.net: {'api:timestamp': '2021-08-04T09:20:17Z', 'api:statuscode': 218, 'api:duration': '0.000s', 'api:message': 'Error! Your device is currently not supported, or the app is out of date. Please update to the latest version.'}
2021-08-04 09:20:17,457 __main__         log          sendcoins_1.py 9w5kvgxh5@1secmail.com: {'api:timestamp': '2021-08-04T09:20:17Z', 'api:statuscode': 218, 'api:duration': '0.000s', 'api:message': 'Error! Your device is currently not supported, or the app is out of date. Please update to the latest version.'}
2021-08-04 09:20:17,591 __main__         log          sendcoins_1.py 9iqxhd8ok@1secmail.org: {'api:timestamp': '2021-08-04T09:20:17Z', 'api:statuscode': 218, 'api:duration': '0.000s', 'api:message': 'Error! Your device is currently not supported, or the app is out of date. Please update to the latest version.'}
2021-08-04 09:20:18,229 __main__         log          sendcoins_1.py 7kkimpe30gmh@1secmail.org: {'api:statuscode': 218, 'api:duration': '0.000s', 'api:message': 'Error! Your device is currently not supported, or the app is out of date. Please update to the latest version.', 'api:timestamp': '2021-08-04T09:20:18Z'}
2021-08-04 09:20:18,434 __main__         log          sendcoins_1.py 0bblsgqs@1secmail.org: {'api:timestamp': '2021-08-04T09:20:18Z', 'api:statuscode': 218, 'api:duration': '0.000s', 'api:message': 'Error! Your device is currently not supported, or the app is out of date. Please update to the latest version.'}
2021-08-04 09:20:18,550 __main__         log          sendcoins_1.py 0crl2cw38rr@esiix.com: {'api:duration': '0.001s', 'api:message': 'Error! Your device is currently not supported, or the app is out of date. Please update to the latest version.', 'api:timestamp': '2021-08-04T09:20:18Z', 'api:statuscode': 218}
2021-08-04 09:20:19,389 __main__         log          sendcoins_1.py hz5ni5ot@1secmail.com: {'api:message': 'Error! Your device is currently not supported, or the app is out of date. Please update to the latest version.', 'api:timestamp': '2021-08-04T09:20:19Z', 'api:statuscode': 218, 'api:duration': '0.000s'}
2021-08-04 09:20:20,904 __main__         log          sendcoins_1.py 2xdgsotl@xojxe.com: {'api:statuscode': 218, 'api:duration': '0.000s', 'api:message': 'Error! Your device is currently not supported, or the app is out of date. Please update to the latest version.', 'api:timestamp': '2021-08-04T09:20:20Z'}
2021-08-04 09:20:21,029 __main__         log          sendcoins_1.py vkzn9do2@1secmail.org: {'api:duration': '0.000s', 'api:message': 'Error! Your device is currently not supported, or the app is out of date. Please update to the latest version.', 'api:timestamp': '2021-08-04T09:20:20Z', 'api:statuscode': 218}
2021-08-04 09:20:21,562 __main__         log          sendcoins_1.py himiztrskk@xojxe.com: {'api:timestamp': '2021-08-04T09:20:21Z', 'api:statuscode': 218, 'api:duration': '0.000s', 'api:message': 'Error! Your device is currently not supported, or the app is out of date. Please update to the latest version.'}
2021-08-04 09:20:21,991 __main__         log          sendcoins_1.py t5n9oj@yoggm.com: {'api:message': 'Error! Your device is currently not supported, or the app is out of date. Please update to the latest version.', 'api:timestamp': '2021-08-04T09:20:21Z', 'api:statuscode': 218, 'api:duration': '0.000s'}
2021-08-04 09:20:22,216 __main__         log          sendcoins_1.py uw0ct6x@yoggm.com: {'api:message': 'Error! Your device is currently not supported, or the app is out of date. Please update to the latest version.', 'api:timestamp': '2021-08-04T09:20:22Z', 'api:statuscode': 218, 'api:duration': '0.000s'}
2021-08-04 09:20:22,494 __main__         log          sendcoins_1.py enlj7os72@1secmail.com: {'api:message': 'Error! Your device is currently not supported, or the app is out of date. Please update to the latest version.', 'api:timestamp': '2021-08-04T09:20:22Z', 'api:statuscode': 218, 'api:duration': '0.000s'}
2021-08-04 09:20:23,197 __main__         log          sendcoins_1.py bpadjnmen0@1secmail.org: {'api:message': 'Error! Your device is currently not supported, or the app is out of date. Please update to the latest version.', 'api:timestamp': '2021-08-04T09:20:23Z', 'api:statuscode': 218, 'api:duration': '0.000s'}
2021-08-04 09:20:23,286 __main__         log          sendcoins_1.py s50j4se3i6p@wwjmp.com: {'api:statuscode': 218, 'api:duration': '0.001s', 'api:message': 'Error! Your device is currently not supported, or the app is out of date. Please update to the latest version.', 'api:timestamp': '2021-08-04T09:20:23Z'}
2021-08-04 09:20:23,417 __main__         log          sendcoins_1.py w65hzjk@1secmail.net: {'api:message': 'Error! Your device is currently not supported, or the app is out of date. Please update to the latest version.', 'api:timestamp': '2021-08-04T09:20:23Z', 'api:statuscode': 218, 'api:duration': '0.000s'}
2021-08-04 09:20:23,701 __main__         log          sendcoins_1.py nmoke6tuys3d@esiix.com: {'api:timestamp': '2021-08-04T09:20:23Z', 'api:statuscode': 218, 'api:duration': '0.000s', 'api:message': 'Error! Your device is currently not supported, or the app is out of date. Please update to the latest version.'}
2021-08-04 09:20:23,782 __main__         log          sendcoins_1.py 2laiddoj3@1secmail.net: {'api:statuscode': 218, 'api:duration': '0.000s', 'api:message': 'Error! Your device is currently not supported, or the app is out of date. Please update to the latest version.', 'api:timestamp': '2021-08-04T09:20:23Z'}
2021-08-04 09:20:24,000 __main__         log          sendcoins_1.py l02win1@xojxe.com: {'api:statuscode': 218, 'api:duration': '0.000s', 'api:message': 'Error! Your device is currently not supported, or the app is out of date. Please update to the latest version.', 'api:timestamp': '2021-08-04T09:20:23Z'}
2021-08-04 09:20:24,413 __main__         log          sendcoins_1.py edkqq5hcdqq@1secmail.net: {'api:statuscode': 218, 'api:duration': '0.000s', 'api:message': 'Error! Your device is currently not supported, or the app is out of date. Please update to the latest version.', 'api:timestamp': '2021-08-04T09:20:24Z'}
2021-08-04 09:20:24,546 __main__         log          sendcoins_1.py gxloar3@1secmail.com: {'api:message': 'Error! Your device is currently not supported, or the app is out of date. Please update to the latest version.', 'api:timestamp': '2021-08-04T09:20:24Z', 'api:statuscode': 218, 'api:duration': '0.000s'}
2021-08-04 09:20:24,914 __main__         log          sendcoins_1.py d2pyskb90u90@1secmail.org: {'api:statuscode': 218, 'api:duration': '0.000s', 'api:message': 'Error! Your device is currently not supported, or the app is out of date. Please update to the latest version.', 'api:timestamp': '2021-08-04T09:20:24Z'}
2021-08-04 09:20:25,469 __main__         log          sendcoins_1.py 1htt26edd5f@yoggm.com: {'api:statuscode': 218, 'api:duration': '0.000s', 'api:message': 'Error! Your device is currently not supported, or the app is out of date. Please update to the latest version.', 'api:timestamp': '2021-08-04T09:20:25Z'}
2021-08-04 09:20:26,325 __main__         log          sendcoins_1.py gpl0lnie@1secmail.net: {'api:duration': '0.000s', 'api:message': 'Error! Your device is currently not supported, or the app is out of date. Please update to the latest version.', 'api:timestamp': '2021-08-04T09:20:26Z', 'api:statuscode': 218}
2021-08-04 09:20:26,414 __main__         log          sendcoins_1.py m6xjoa36se09@1secmail.org: {'api:timestamp': '2021-08-04T09:20:26Z', 'api:statuscode': 218, 'api:duration': '0.000s', 'api:message': 'Error! Your device is currently not supported, or the app is out of date. Please update to the latest version.'}
2021-08-04 09:20:27,142 __main__         log          sendcoins_1.py 9pcle4lwuq@1secmail.org: {'api:statuscode': 218, 'api:duration': '0.000s', 'api:message': 'Error! Your device is currently not supported, or the app is out of date. Please update to the latest version.', 'api:timestamp': '2021-08-04T09:20:27Z'}
2021-08-04 09:20:27,859 __main__         log          sendcoins_1.py ergooui@1secmail.org: {'api:message': 'Error! Your device is currently not supported, or the app is out of date. Please update to the latest version.', 'api:timestamp': '2021-08-04T09:20:27Z', 'api:statuscode': 218, 'api:duration': '0.000s'}
2021-08-04 09:20:28,011 __main__         log          sendcoins_1.py o1rluk@wwjmp.com: {'api:statuscode': 218, 'api:duration': '0.000s', 'api:message': 'Error! Your device is currently not supported, or the app is out of date. Please update to the latest version.', 'api:timestamp': '2021-08-04T09:20:27Z'}
2021-08-04 09:20:28,379 __main__         log          sendcoins_1.py hcqdo3ovdg8@yoggm.com: {'api:statuscode': 218, 'api:duration': '0.000s', 'api:message': 'Error! Your device is currently not supported, or the app is out of date. Please update to the latest version.', 'api:timestamp': '2021-08-04T09:20:28Z'}
2021-08-04 09:20:29,401 __main__         log          sendcoins_1.py cqt2wr@wwjmp.com: {'api:timestamp': '2021-08-04T09:20:29Z', 'api:statuscode': 218, 'api:duration': '0.000s', 'api:message': 'Error! Your device is currently not supported, or the app is out of date. Please update to the latest version.'}
2021-08-04 09:20:29,412 __main__         log          sendcoins_1.py zwr7ky@1secmail.net: {'api:statuscode': 218, 'api:duration': '0.000s', 'api:message': 'Error! Your device is currently not supported, or the app is out of date. Please update to the latest version.', 'api:timestamp': '2021-08-04T09:20:29Z'}
2021-08-04 09:20:30,457 __main__         log          sendcoins_1.py ckqi6h9e@xojxe.com: {'api:message': 'Error! Your device is currently not supported, or the app is out of date. Please update to the latest version.', 'api:timestamp': '2021-08-04T09:20:30Z', 'api:statuscode': 218, 'api:duration': '0.000s'}
2021-08-04 09:20:30,492 __main__         log          sendcoins_1.py s172vwj8@xojxe.com: {'api:statuscode': 218, 'api:duration': '0.000s', 'api:message': 'Error! Your device is currently not supported, or the app is out of date. Please update to the latest version.', 'api:timestamp': '2021-08-04T09:20:30Z'}
2021-08-04 09:20:30,945 __main__         log          sendcoins_1.py wn74y8yz7wi@1secmail.org: {'api:message': 'Error! Your device is currently not supported, or the app is out of date. Please update to the latest version.', 'api:timestamp': '2021-08-04T09:20:30Z', 'api:statuscode': 218, 'api:duration': '0.000s'}
2021-08-04 09:20:30,993 __main__         log          sendcoins_1.py fugfhu8pfy1u@1secmail.com: {'api:message': 'Error! Your device is currently not supported, or the app is out of date. Please update to the latest version.', 'api:timestamp': '2021-08-04T09:20:30Z', 'api:statuscode': 218, 'api:duration': '0.000s'}
2021-08-04 09:20:31,124 __main__         log          sendcoins_1.py 9s8wjzuqmi3c@1secmail.org: {'api:statuscode': 218, 'api:duration': '0.000s', 'api:message': 'Error! Your device is currently not supported, or the app is out of date. Please update to the latest version.', 'api:timestamp': '2021-08-04T09:20:31Z'}
2021-08-04 09:20:31,236 __main__         log          sendcoins_1.py oho9ek6vppn@esiix.com: {'api:timestamp': '2021-08-04T09:20:31Z', 'api:statuscode': 218, 'api:duration': '0.000s', 'api:message': 'Error! Your device is currently not supported, or the app is out of date. Please update to the latest version.'}
2021-08-04 09:20:31,263 __main__         log          sendcoins_1.py macg0fzq9@1secmail.net: {'api:message': 'Error! Your device is currently not supported, or the app is out of date. Please update to the latest version.', 'api:timestamp': '2021-08-04T09:20:31Z', 'api:statuscode': 218, 'api:duration': '0.000s'}
2021-08-04 09:20:31,568 __main__         log          sendcoins_1.py tlysyvps@xojxe.com: {'api:message': 'Error! Your device is currently not supported, or the app is out of date. Please update to the latest version.', 'api:timestamp': '2021-08-04T09:20:31Z', 'api:statuscode': 218, 'api:duration': '0.000s'}
2021-08-04 09:20:32,221 __main__         log          sendcoins_1.py 3a5wmzbi@wwjmp.com: {'api:message': 'Error! Your device is currently not supported, or the app is out of date. Please update to the latest version.', 'api:timestamp': '2021-08-04T09:20:32Z', 'api:statuscode': 218, 'api:duration': '0.000s'}
2021-08-04 09:20:32,771 __main__         log          sendcoins_1.py iyqf14dju68@yoggm.com: {'api:statuscode': 218, 'api:duration': '0.000s', 'api:message': 'Error! Your device is currently not supported, or the app is out of date. Please update to the latest version.', 'api:timestamp': '2021-08-04T09:20:32Z'}
2021-08-04 09:20:33,602 __main__         log          sendcoins_1.py 9ikrv4br0ecr@wwjmp.com: {'api:duration': '0.000s', 'api:message': 'Error! Your device is currently not supported, or the app is out of date. Please update to the latest version.', 'api:timestamp': '2021-08-04T09:20:33Z', 'api:statuscode': 218}
2021-08-04 09:20:33,605 __main__         log          sendcoins_1.py ds3yvrx33w6f@wwjmp.com: {'api:timestamp': '2021-08-04T09:20:33Z', 'api:statuscode': 218, 'api:duration': '0.000s', 'api:message': 'Error! Your device is currently not supported, or the app is out of date. Please update to the latest version.'}
2021-08-04 09:20:33,998 __main__         log          sendcoins_1.py 5c3c6x86@yoggm.com: {'api:statuscode': 218, 'api:duration': '0.000s', 'api:message': 'Error! Your device is currently not supported, or the app is out of date. Please update to the latest version.', 'api:timestamp': '2021-08-04T09:20:33Z'}
2021-08-04 09:20:34,007 __main__         log          sendcoins_1.py kfm8whxbhr9e@1secmail.com: {'api:timestamp': '2021-08-04T09:20:33Z', 'api:statuscode': 218, 'api:duration': '0.000s', 'api:message': 'Error! Your device is currently not supported, or the app is out of date. Please update to the latest version.'}
2021-08-04 09:20:34,682 __main__         log          sendcoins_1.py cvzstmefx9h@1secmail.org: {'api:message': 'Error! Your device is currently not supported, or the app is out of date. Please update to the latest version.', 'api:timestamp': '2021-08-04T09:20:34Z', 'api:statuscode': 218, 'api:duration': '0.000s'}
2021-08-04 09:20:34,812 __main__         log          sendcoins_1.py 5xom55p@esiix.com: {'api:statuscode': 218, 'api:duration': '0.000s', 'api:message': 'Error! Your device is currently not supported, or the app is out of date. Please update to the latest version.', 'api:timestamp': '2021-08-04T09:20:34Z'}
2021-08-04 09:20:35,101 __main__         log          sendcoins_1.py 5pab2yqtoyv@wwjmp.com: {'api:duration': '0.000s', 'api:message': 'Error! Your device is currently not supported, or the app is out of date. Please update to the latest version.', 'api:timestamp': '2021-08-04T09:20:34Z', 'api:statuscode': 218}
2021-08-04 09:20:35,156 __main__         log          sendcoins_1.py c0j6ri@1secmail.net: {'api:duration': '0.000s', 'api:message': 'Error! Your device is currently not supported, or the app is out of date. Please update to the latest version.', 'api:timestamp': '2021-08-04T09:20:35Z', 'api:statuscode': 218}
2021-08-04 09:20:35,586 __main__         log          sendcoins_1.py 5g56zxf047p@yoggm.com: {'api:message': 'Error! Your device is currently not supported, or the app is out of date. Please update to the latest version.', 'api:timestamp': '2021-08-04T09:20:35Z', 'api:statuscode': 218, 'api:duration': '0.000s'}
2021-08-04 09:20:36,049 __main__         log          sendcoins_1.py sl6rr9@1secmail.com: {'api:statuscode': 218, 'api:duration': '0.000s', 'api:message': 'Error! Your device is currently not supported, or the app is out of date. Please update to the latest version.', 'api:timestamp': '2021-08-04T09:20:35Z'}
2021-08-04 09:20:36,341 __main__         log          sendcoins_1.py rhboitqjf@wwjmp.com: {'api:duration': '0.000s', 'api:message': 'Error! Your device is currently not supported, or the app is out of date. Please update to the latest version.', 'api:timestamp': '2021-08-04T09:20:36Z', 'api:statuscode': 218}
2021-08-04 09:20:36,605 __main__         log          sendcoins_1.py 3xa3s0lbnc@1secmail.net: {'api:timestamp': '2021-08-04T09:20:36Z', 'api:statuscode': 218, 'api:duration': '0.000s', 'api:message': 'Error! Your device is currently not supported, or the app is out of date. Please update to the latest version.'}
2021-08-04 09:20:36,975 __main__         log          sendcoins_1.py z2ppmto4zcb@1secmail.org: {'api:message': 'Error! Your device is currently not supported, or the app is out of date. Please update to the latest version.', 'api:timestamp': '2021-08-04T09:20:36Z', 'api:statuscode': 218, 'api:duration': '0.000s'}
2021-08-04 09:20:37,129 __main__         log          sendcoins_1.py zylkdl@1secmail.net: {'api:timestamp': '2021-08-04T09:20:36Z', 'api:statuscode': 218, 'api:duration': '0.000s', 'api:message': 'Error! Your device is currently not supported, or the app is out of date. Please update to the latest version.'}
2021-08-04 09:20:37,436 __main__         log          sendcoins_1.py s2wpbvff2x@1secmail.net: {'api:statuscode': 218, 'api:duration': '0.000s', 'api:message': 'Error! Your device is currently not supported, or the app is out of date. Please update to the latest version.', 'api:timestamp': '2021-08-04T09:20:37Z'}
2021-08-04 09:20:37,437 __main__         log          sendcoins_1.py hzg7ug6ptbm@xojxe.com: {'api:duration': '0.000s', 'api:message': 'Error! Your device is currently not supported, or the app is out of date. Please update to the latest version.', 'api:timestamp': '2021-08-04T09:20:37Z', 'api:statuscode': 218}
2021-08-04 09:20:37,715 __main__         log          sendcoins_1.py 1pfxfxjt5j@wwjmp.com: {'api:duration': '0.000s', 'api:message': 'Error! Your device is currently not supported, or the app is out of date. Please update to the latest version.', 'api:timestamp': '2021-08-04T09:20:37Z', 'api:statuscode': 218}
2021-08-04 09:20:37,719 __main__         log          sendcoins_1.py vr7ijx3md565@wwjmp.com: {'api:timestamp': '2021-08-04T09:20:37Z', 'api:statuscode': 218, 'api:duration': '0.000s', 'api:message': 'Error! Your device is currently not supported, or the app is out of date. Please update to the latest version.'}
2021-08-04 09:20:37,723 __main__         log          sendcoins_1.py n27kxgjxtrs3@yoggm.com: {'api:statuscode': 218, 'api:duration': '0.000s', 'api:message': 'Error! Your device is currently not supported, or the app is out of date. Please update to the latest version.', 'api:timestamp': '2021-08-04T09:20:37Z'}
2021-08-04 09:20:38,389 __main__         log          sendcoins_1.py kermopopa3@1secmail.org: {'api:duration': '0.000s', 'api:message': 'Error! Your device is currently not supported, or the app is out of date. Please update to the latest version.', 'api:timestamp': '2021-08-04T09:20:38Z', 'api:statuscode': 218}
2021-08-04 09:20:38,526 __main__         log          sendcoins_1.py 3noc9bb@1secmail.com: {'api:timestamp': '2021-08-04T09:20:38Z', 'api:statuscode': 218, 'api:duration': '0.000s', 'api:message': 'Error! Your device is currently not supported, or the app is out of date. Please update to the latest version.'}
2021-08-04 09:20:38,865 __main__         log          sendcoins_1.py cf3bfto20@xojxe.com: {'api:timestamp': '2021-08-04T09:20:38Z', 'api:statuscode': 218, 'api:duration': '0.000s', 'api:message': 'Error! Your device is currently not supported, or the app is out of date. Please update to the latest version.'}
2021-08-04 09:20:39,207 __main__         log          sendcoins_1.py drggi6widor@xojxe.com: {'api:timestamp': '2021-08-04T09:20:39Z', 'api:statuscode': 218, 'api:duration': '0.000s', 'api:message': 'Error! Your device is currently not supported, or the app is out of date. Please update to the latest version.'}
2021-08-04 09:20:39,687 __main__         log          sendcoins_1.py rm4okml@xojxe.com: {'api:statuscode': 218, 'api:duration': '0.000s', 'api:message': 'Error! Your device is currently not supported, or the app is out of date. Please update to the latest version.', 'api:timestamp': '2021-08-04T09:20:39Z'}
2021-08-04 09:20:39,730 __main__         log          sendcoins_1.py eyeqp7@1secmail.org: {'api:statuscode': 218, 'api:duration': '0.000s', 'api:message': 'Error! Your device is currently not supported, or the app is out of date. Please update to the latest version.', 'api:timestamp': '2021-08-04T09:20:39Z'}
2021-08-04 09:20:40,305 __main__         log          sendcoins_1.py 2ch3wuc0@esiix.com: {'api:duration': '0.000s', 'api:message': 'Error! Your device is currently not supported, or the app is out of date. Please update to the latest version.', 'api:timestamp': '2021-08-04T09:20:40Z', 'api:statuscode': 218}
2021-08-04 09:20:40,308 __main__         log          sendcoins_1.py ylakrmlxdj5o@1secmail.com: {'api:timestamp': '2021-08-04T09:20:40Z', 'api:statuscode': 218, 'api:duration': '0.000s', 'api:message': 'Error! Your device is currently not supported, or the app is out of date. Please update to the latest version.'}
2021-08-04 09:20:40,310 __main__         log          sendcoins_1.py u5xj45oyak@esiix.com: {'api:statuscode': 218, 'api:duration': '0.000s', 'api:message': 'Error! Your device is currently not supported, or the app is out of date. Please update to the latest version.', 'api:timestamp': '2021-08-04T09:20:40Z'}
2021-08-04 09:20:40,409 __main__         log          sendcoins_1.py p35sl5u@1secmail.net: {'api:statuscode': 218, 'api:duration': '0.000s', 'api:message': 'Error! Your device is currently not supported, or the app is out of date. Please update to the latest version.', 'api:timestamp': '2021-08-04T09:20:40Z'}
2021-08-04 09:20:40,612 __main__         log          sendcoins_1.py 0hthybhoysf@1secmail.net: {'api:statuscode': 218, 'api:duration': '0.000s', 'api:message': 'Error! Your device is currently not supported, or the app is out of date. Please update to the latest version.', 'api:timestamp': '2021-08-04T09:20:40Z'}
2021-08-04 09:20:40,903 __main__         log          sendcoins_1.py 3t5cb7wd9d@esiix.com: {'api:timestamp': '2021-08-04T09:20:40Z', 'api:statuscode': 218, 'api:duration': '0.000s', 'api:message': 'Error! Your device is currently not supported, or the app is out of date. Please update to the latest version.'}
2021-08-04 09:20:41,163 __main__         log          sendcoins_1.py wa7elu@1secmail.org: {'api:timestamp': '2021-08-04T09:20:41Z', 'api:statuscode': 218, 'api:duration': '0.000s', 'api:message': 'Error! Your device is currently not supported, or the app is out of date. Please update to the latest version.'}
2021-08-04 09:20:41,188 __main__         log          sendcoins_1.py m3j5qb@xojxe.com: {'api:duration': '0.000s', 'api:message': 'Error! Your device is currently not supported, or the app is out of date. Please update to the latest version.', 'api:timestamp': '2021-08-04T09:20:41Z', 'api:statuscode': 218}
2021-08-04 09:20:41,200 __main__         log          sendcoins_1.py lgi2wgkv@1secmail.net: {'api:message': 'Error! Your device is currently not supported, or the app is out of date. Please update to the latest version.', 'api:timestamp': '2021-08-04T09:20:41Z', 'api:statuscode': 218, 'api:duration': '0.000s'}
2021-08-04 09:20:41,574 __main__         log          sendcoins_1.py lm0pcp7ir71@1secmail.org: {'api:timestamp': '2021-08-04T09:20:41Z', 'api:statuscode': 218, 'api:duration': '0.000s', 'api:message': 'Error! Your device is currently not supported, or the app is out of date. Please update to the latest version.'}
2021-08-04 09:20:42,991 __main__         log          sendcoins_1.py aklgkcak@1secmail.com: {'api:statuscode': 218, 'api:duration': '0.000s', 'api:message': 'Error! Your device is currently not supported, or the app is out of date. Please update to the latest version.', 'api:timestamp': '2021-08-04T09:20:42Z'}
2021-08-04 09:20:43,317 __main__         log          sendcoins_1.py 6dr2of@wwjmp.com: {'api:message': 'Error! Your device is currently not supported, or the app is out of date. Please update to the latest version.', 'api:timestamp': '2021-08-04T09:20:43Z', 'api:statuscode': 218, 'api:duration': '0.000s'}
2021-08-04 09:20:43,592 __main__         log          sendcoins_1.py gwa7qzfpfkk@1secmail.org: {'api:duration': '0.000s', 'api:message': 'Error! Your device is currently not supported, or the app is out of date. Please update to the latest version.', 'api:timestamp': '2021-08-04T09:20:43Z', 'api:statuscode': 218}
2021-08-04 09:20:43,882 __main__         log          sendcoins_1.py il82i2tf@esiix.com: {'api:duration': '0.000s', 'api:message': 'Error! Your device is currently not supported, or the app is out of date. Please update to the latest version.', 'api:timestamp': '2021-08-04T09:20:43Z', 'api:statuscode': 218}
2021-08-04 09:20:45,124 __main__         log          sendcoins_1.py 9ulfscr2@1secmail.org: {'api:duration': '0.000s', 'api:message': 'Error! Your device is currently not supported, or the app is out of date. Please update to the latest version.', 'api:timestamp': '2021-08-04T09:20:45Z', 'api:statuscode': 218}
2021-08-04 09:20:45,462 __main__         log          sendcoins_1.py nf2jimb19v@1secmail.org: {'api:message': 'Error! Your device is currently not supported, or the app is out of date. Please update to the latest version.', 'api:timestamp': '2021-08-04T09:20:45Z', 'api:statuscode': 218, 'api:duration': '0.000s'}
2021-08-04 09:20:45,469 __main__         log          sendcoins_1.py fycr4yt18@1secmail.com: {'api:message': 'Error! Your device is currently not supported, or the app is out of date. Please update to the latest version.', 'api:timestamp': '2021-08-04T09:20:45Z', 'api:statuscode': 218, 'api:duration': '0.000s'}
2021-08-04 09:20:46,261 __main__         log          sendcoins_1.py qzv4824p6@wwjmp.com: {'api:message': 'Error! Your device is currently not supported, or the app is out of date. Please update to the latest version.', 'api:timestamp': '2021-08-04T09:20:46Z', 'api:statuscode': 218, 'api:duration': '0.000s'}
2021-08-04 09:20:46,563 __main__         log          sendcoins_1.py jztlbsv@1secmail.net: {'api:statuscode': 218, 'api:duration': '0.000s', 'api:message': 'Error! Your device is currently not supported, or the app is out of date. Please update to the latest version.', 'api:timestamp': '2021-08-04T09:20:46Z'}
2021-08-04 09:20:46,848 __main__         log          sendcoins_1.py pq3s2y@yoggm.com: {'api:statuscode': 218, 'api:duration': '0.000s', 'api:message': 'Error! Your device is currently not supported, or the app is out of date. Please update to the latest version.', 'api:timestamp': '2021-08-04T09:20:46Z'}
2021-08-04 09:20:46,938 __main__         log          sendcoins_1.py wrt0yunmi@1secmail.net: {'api:message': 'Error! Your device is currently not supported, or the app is out of date. Please update to the latest version.', 'api:timestamp': '2021-08-04T09:20:46Z', 'api:statuscode': 218, 'api:duration': '0.000s'}
2021-08-04 09:20:47,230 __main__         log          sendcoins_1.py crcwia8t9i@1secmail.com: {'api:statuscode': 218, 'api:duration': '0.000s', 'api:message': 'Error! Your device is currently not supported, or the app is out of date. Please update to the latest version.', 'api:timestamp': '2021-08-04T09:20:47Z'}
2021-08-04 09:20:48,524 __main__         log          sendcoins_1.py ouiqat@esiix.com: {'api:message': 'Error! Your device is currently not supported, or the app is out of date. Please update to the latest version.', 'api:timestamp': '2021-08-04T09:20:48Z', 'api:statuscode': 218, 'api:duration': '0.000s'}
2021-08-04 09:20:48,645 __main__         log          sendcoins_1.py fu9c9nyd@xojxe.com: {'api:message': 'Error! Your device is currently not supported, or the app is out of date. Please update to the latest version.', 'api:timestamp': '2021-08-04T09:20:48Z', 'api:statuscode': 218, 'api:duration': '0.000s'}
2021-08-04 09:20:48,654 __main__         log          sendcoins_1.py 8pb6krq@yoggm.com: {'api:duration': '0.000s', 'api:message': 'Error! Your device is currently not supported, or the app is out of date. Please update to the latest version.', 'api:timestamp': '2021-08-04T09:20:48Z', 'api:statuscode': 218}
2021-08-04 09:20:48,674 __main__         log          sendcoins_1.py lsnevbefex@wwjmp.com: {'api:statuscode': 218, 'api:duration': '0.000s', 'api:message': 'Error! Your device is currently not supported, or the app is out of date. Please update to the latest version.', 'api:timestamp': '2021-08-04T09:20:48Z'}
2021-08-04 09:20:48,962 __main__         log          sendcoins_1.py 9krkpuq5@1secmail.org: {'api:timestamp': '2021-08-04T09:20:48Z', 'api:statuscode': 218, 'api:duration': '0.000s', 'api:message': 'Error! Your device is currently not supported, or the app is out of date. Please update to the latest version.'}
2021-08-04 09:20:48,968 __main__         log          sendcoins_1.py lvdxwo@wwjmp.com: {'api:message': 'Error! Your device is currently not supported, or the app is out of date. Please update to the latest version.', 'api:timestamp': '2021-08-04T09:20:48Z', 'api:statuscode': 218, 'api:duration': '0.000s'}
2021-08-04 09:20:49,827 __main__         log          sendcoins_1.py gn0kiicx@1secmail.net: {'api:duration': '0.000s', 'api:message': 'Error! Your device is currently not supported, or the app is out of date. Please update to the latest version.', 'api:timestamp': '2021-08-04T09:20:49Z', 'api:statuscode': 218}
2021-08-04 09:20:49,835 __main__         log          sendcoins_1.py apy6bbp@wwjmp.com: {'api:timestamp': '2021-08-04T09:20:49Z', 'api:statuscode': 218, 'api:duration': '0.000s', 'api:message': 'Error! Your device is currently not supported, or the app is out of date. Please update to the latest version.'}
2021-08-04 09:20:49,847 __main__         log          sendcoins_1.py moyqrdqt@1secmail.org: {'api:duration': '0.000s', 'api:message': 'Error! Your device is currently not supported, or the app is out of date. Please update to the latest version.', 'api:timestamp': '2021-08-04T09:20:49Z', 'api:statuscode': 218}
2021-08-04 09:20:50,682 __main__         log          sendcoins_1.py yligvrmkw0@xojxe.com: {'api:timestamp': '2021-08-04T09:20:50Z', 'api:statuscode': 218, 'api:duration': '0.000s', 'api:message': 'Error! Your device is currently not supported, or the app is out of date. Please update to the latest version.'}
2021-08-04 09:20:50,703 __main__         log          sendcoins_1.py koczng@xojxe.com: {'api:statuscode': 218, 'api:duration': '0.000s', 'api:message': 'Error! Your device is currently not supported, or the app is out of date. Please update to the latest version.', 'api:timestamp': '2021-08-04T09:20:50Z'}
2021-08-04 09:20:50,758 __main__         log          sendcoins_1.py ot3yesullro@yoggm.com: {'api:statuscode': 218, 'api:duration': '0.000s', 'api:message': 'Error! Your device is currently not supported, or the app is out of date. Please update to the latest version.', 'api:timestamp': '2021-08-04T09:20:50Z'}
2021-08-04 09:20:51,082 __main__         log          sendcoins_1.py mouceck74ufh@1secmail.org: {'api:message': 'Error! Your device is currently not supported, or the app is out of date. Please update to the latest version.', 'api:timestamp': '2021-08-04T09:20:51Z', 'api:statuscode': 218, 'api:duration': '0.000s'}
2021-08-04 09:20:51,111 __main__         log          sendcoins_1.py 0iz05ai@wwjmp.com: {'api:statuscode': 218, 'api:duration': '0.000s', 'api:message': 'Error! Your device is currently not supported, or the app is out of date. Please update to the latest version.', 'api:timestamp': '2021-08-04T09:20:51Z'}
2021-08-04 09:20:51,116 __main__         log          sendcoins_1.py ku8lypxw1xm@1secmail.net: {'api:statuscode': 218, 'api:duration': '0.000s', 'api:message': 'Error! Your device is currently not supported, or the app is out of date. Please update to the latest version.', 'api:timestamp': '2021-08-04T09:20:51Z'}
2021-08-04 09:20:51,406 __main__         log          sendcoins_1.py x96066ksy4g@1secmail.org: {'api:statuscode': 218, 'api:duration': '0.000s', 'api:message': 'Error! Your device is currently not supported, or the app is out of date. Please update to the latest version.', 'api:timestamp': '2021-08-04T09:20:51Z'}
2021-08-04 09:20:51,709 __main__         log          sendcoins_1.py t6adrifkdtfy@1secmail.net: {'api:timestamp': '2021-08-04T09:20:51Z', 'api:statuscode': 218, 'api:duration': '0.000s', 'api:message': 'Error! Your device is currently not supported, or the app is out of date. Please update to the latest version.'}
2021-08-04 09:20:51,730 __main__         log          sendcoins_1.py nnflysb46@1secmail.net: {'api:duration': '0.000s', 'api:message': 'Error! Your device is currently not supported, or the app is out of date. Please update to the latest version.', 'api:timestamp': '2021-08-04T09:20:51Z', 'api:statuscode': 218}
2021-08-04 09:20:51,736 __main__         log          sendcoins_1.py ile7m2ilv@1secmail.com: {'api:duration': '0.000s', 'api:message': 'Error! Your device is currently not supported, or the app is out of date. Please update to the latest version.', 'api:timestamp': '2021-08-04T09:20:51Z', 'api:statuscode': 218}
